<?xml version="1.0" encoding="UTF-8"?>
<testsuite name="EmailTest" tests="1" skipped="0" failures="0" errors="0" timestamp="2022-05-17T15:30:01" hostname="LAPTOP-NUCFJUSF" time="1.094">
  <properties/>
  <testcase name="test_email()[jvm]" classname="EmailTest" time="1.094"/>
  <system-out><![CDATA[>>Socket connection with smtp server succeed at server: smtp.qq.com, server host: 25.

<<Received message: 220 newxmesmtplogicsvrszc10.qq.com XMail Esmtp QQ Mail Server.

<<220 newxmesmtplogicsvrszc10.qq.com XMail Esmtp QQ Mail Server.

>>Message has sent:helo a
<<Received message: 250-newxmesmtplogicsvrszc10.qq.com-9.46.30.139-20305016
250-SIZE 73400320
250 OK

>>Message has sent:AUTH LOGIN
<<Received message: 334 VXNlcm5hbWU6

>>Message has sent:MTcxMTk2ODM3OEBxcS5jb20=
<<Received message: 334 UGFzc3dvcmQ6

>>Message has sent:bm1mbXZpdGhwdXlnaGRmYw==
<<Received message: 235 Authentication successful

>>Message has sent:mail from:<1711968378@qq.com>
<<Received message: 250 OK

>>Message has sent:rcpt to:<1711968378@qq.com>
<<Received message: 250 OK

>>Message has sent:data

<<Received message: 354 End data with <CR><LF>.<CR><LF>.

>>Message has sent:from:1711968378@qq.com
to:1711968378@qq.com
Subject:subject Hello from kotlin!

contetn from kotlin!
.
.
<<Received message: 250 OK: queued as.

>>Message has sent:quit
<<Received message: 221 Bye.

<<221 Bye.

]]></system-out>
  <system-err><![CDATA[]]></system-err>
</testsuite>
